# JRE version: OpenJDK Runtime Environment (7.0_51-b31) (build 1.7.0_51-b31)
# Java VM: OpenJDK 64-Bit Server VM (24.51-b03 mixed mode linux-amd64 compressed oops)
Heap
 PSYoungGen      total 486912K, used 149631K [0x00000000e1600000, 0x00000000fff00000, 0x0000000100000000)
  eden space 474112K, 31% used [0x00000000e1600000,0x00000000ea81ff88,0x00000000fe500000)
  from space 12800K, 0% used [0x00000000ff280000,0x00000000ff280000,0x00000000fff00000)
  to   space 13312K, 0% used [0x00000000fe500000,0x00000000fe500000,0x00000000ff200000)
 ParOldGen       total 62464K, used 25262K [0x00000000a4200000, 0x00000000a7f00000, 0x00000000e1600000)
  object space 62464K, 40% used [0x00000000a4200000,0x00000000a5aaba90,0x00000000a7f00000)
 PSPermGen       total 21504K, used 16158K [0x0000000099c00000, 0x000000009b100000, 0x00000000a4200000)
  object space 21504K, 75% used [0x0000000099c00000,0x000000009abc7b90,0x000000009b100000)
GC Heap History (10 events):
Event: 31,349 GC heap before
{Heap before GC invocations=8 (full 0):
 PSYoungGen      total 112640K, used 100896K [0x00000000e1600000, 0x00000000ef200000, 0x0000000100000000)
  eden space 98304K, 100% used [0x00000000e1600000,0x00000000e7600000,0x00000000e7600000)
  from space 14336K, 18% used [0x00000000e7600000,0x00000000e7888000,0x00000000e8400000)
  to   space 14336K, 0% used [0x00000000ee400000,0x00000000ee400000,0x00000000ef200000)
 ParOldGen       total 62464K, used 22764K [0x00000000a4200000, 0x00000000a7f00000, 0x00000000e1600000)
  object space 62464K, 36% used [0x00000000a4200000,0x00000000a583b270,0x00000000a7f00000)
 PSPermGen       total 21504K, used 16057K [0x0000000099c00000, 0x000000009b100000, 0x00000000a4200000)
  object space 21504K, 74% used [0x0000000099c00000,0x000000009abae7c0,0x000000009b100000)
Event: 31,352 GC heap after
Heap after GC invocations=8 (full 0):
 PSYoungGen      total 210944K, used 1216K [0x00000000e1600000, 0x00000000ef200000, 0x0000000100000000)
  eden space 196608K, 0% used [0x00000000e1600000,0x00000000e1600000,0x00000000ed600000)
  from space 14336K, 8% used [0x00000000ee400000,0x00000000ee530000,0x00000000ef200000)
  to   space 14336K, 0% used [0x00000000ed600000,0x00000000ed600000,0x00000000ee400000)
 ParOldGen       total 62464K, used 24121K [0x00000000a4200000, 0x00000000a7f00000, 0x00000000e1600000)
  object space 62464K, 38% used [0x00000000a4200000,0x00000000a598e680,0x00000000a7f00000)
 PSPermGen       total 21504K, used 16057K [0x0000000099c00000, 0x000000009b100000, 0x00000000a4200000)
  object space 21504K, 74% used [0x0000000099c00000,0x000000009abae7c0,0x000000009b100000)
}
Event: 31,671 GC heap before
{Heap before GC invocations=9 (full 0):
 PSYoungGen      total 210944K, used 197824K [0x00000000e1600000, 0x00000000ef200000, 0x0000000100000000)
  eden space 196608K, 100% used [0x00000000e1600000,0x00000000ed600000,0x00000000ed600000)
  from space 14336K, 8% used [0x00000000ee400000,0x00000000ee530000,0x00000000ef200000)
  to   space 14336K, 0% used [0x00000000ed600000,0x00000000ed600000,0x00000000ee400000)
 ParOldGen       total 62464K, used 24121K [0x00000000a4200000, 0x00000000a7f00000, 0x00000000e1600000)
  object space 62464K, 38% used [0x00000000a4200000,0x00000000a598e680,0x00000000a7f00000)
 PSPermGen       total 21504K, used 16057K [0x0000000099c00000, 0x000000009b100000, 0x00000000a4200000)
  object space 21504K, 74% used [0x0000000099c00000,0x000000009abae7c0,0x000000009b100000)
Event: 31,672 GC heap after
Heap after GC invocations=9 (full 0):
 PSYoungGen      total 210944K, used 0K [0x00000000e1600000, 0x00000000f6580000, 0x0000000100000000)
  eden space 196608K, 0% used [0x00000000e1600000,0x00000000e1600000,0x00000000ed600000)
  from space 14336K, 0% used [0x00000000ed600000,0x00000000ed600000,0x00000000ee400000)
  to   space 14336K, 0% used [0x00000000f5780000,0x00000000f5780000,0x00000000f6580000)
 ParOldGen       total 62464K, used 25262K [0x00000000a4200000, 0x00000000a7f00000, 0x00000000e1600000)
  object space 62464K, 40% used [0x00000000a4200000,0x00000000a5aaba90,0x00000000a7f00000)
 PSPermGen       total 21504K, used 16057K [0x0000000099c00000, 0x000000009b100000, 0x00000000a4200000)
  object space 21504K, 74% used [0x0000000099c00000,0x000000009abae7c0,0x000000009b100000)
}
Event: 31,996 GC heap before
{Heap before GC invocations=10 (full 0):
 PSYoungGen      total 210944K, used 196608K [0x00000000e1600000, 0x00000000f6580000, 0x0000000100000000)
  eden space 196608K, 100% used [0x00000000e1600000,0x00000000ed600000,0x00000000ed600000)
  from space 14336K, 0% used [0x00000000ed600000,0x00000000ed600000,0x00000000ee400000)
  to   space 14336K, 0% used [0x00000000f5780000,0x00000000f5780000,0x00000000f6580000)
 ParOldGen       total 62464K, used 25262K [0x00000000a4200000, 0x00000000a7f00000, 0x00000000e1600000)
  object space 62464K, 40% used [0x00000000a4200000,0x00000000a5aaba90,0x00000000a7f00000)
 PSPermGen       total 21504K, used 16057K [0x0000000099c00000, 0x000000009b100000, 0x00000000a4200000)
  object space 21504K, 74% used [0x0000000099c00000,0x000000009abae7c0,0x000000009b100000)
Event: 31,997 GC heap after
Heap after GC invocations=10 (full 0):
 PSYoungGen      total 328192K, used 0K [0x00000000e1600000, 0x00000000f6480000, 0x0000000100000000)
  eden space 314880K, 0% used [0x00000000e1600000,0x00000000e1600000,0x00000000f4980000)
  from space 13312K, 0% used [0x00000000f5780000,0x00000000f5780000,0x00000000f6480000)
  to   space 13824K, 0% used [0x00000000f4980000,0x00000000f4980000,0x00000000f5700000)
 ParOldGen       total 62464K, used 25262K [0x00000000a4200000, 0x00000000a7f00000, 0x00000000e1600000)
  object space 62464K, 40% used [0x00000000a4200000,0x00000000a5aaba90,0x00000000a7f00000)
 PSPermGen       total 21504K, used 16057K [0x0000000099c00000, 0x000000009b100000, 0x00000000a4200000)
  object space 21504K, 74% used [0x0000000099c00000,0x000000009abae7c0,0x000000009b100000)
}
Event: 32,498 GC heap before
{Heap before GC invocations=11 (full 0):
 PSYoungGen      total 328192K, used 314880K [0x00000000e1600000, 0x00000000f6480000, 0x0000000100000000)
  eden space 314880K, 100% used [0x00000000e1600000,0x00000000f4980000,0x00000000f4980000)
  from space 13312K, 0% used [0x00000000f5780000,0x00000000f5780000,0x00000000f6480000)
  to   space 13824K, 0% used [0x00000000f4980000,0x00000000f4980000,0x00000000f5700000)
 ParOldGen       total 62464K, used 25262K [0x00000000a4200000, 0x00000000a7f00000, 0x00000000e1600000)
  object space 62464K, 40% used [0x00000000a4200000,0x00000000a5aaba90,0x00000000a7f00000)
 PSPermGen       total 21504K, used 16057K [0x0000000099c00000, 0x000000009b100000, 0x00000000a4200000)
  object space 21504K, 74% used [0x0000000099c00000,0x000000009abae7c0,0x000000009b100000)
Event: 32,500 GC heap after
Heap after GC invocations=11 (full 0):
 PSYoungGen      total 328704K, used 0K [0x00000000e1600000, 0x0000000100000000, 0x0000000100000000)
  eden space 314880K, 0% used [0x00000000e1600000,0x00000000e1600000,0x00000000f4980000)
  from space 13824K, 0% used [0x00000000f4980000,0x00000000f4980000,0x00000000f5700000)
  to   space 13824K, 0% used [0x00000000ff280000,0x00000000ff280000,0x0000000100000000)
 ParOldGen       total 62464K, used 25262K [0x00000000a4200000, 0x00000000a7f00000, 0x00000000e1600000)
  object space 62464K, 40% used [0x00000000a4200000,0x00000000a5aaba90,0x00000000a7f00000)
 PSPermGen       total 21504K, used 16057K [0x0000000099c00000, 0x000000009b100000, 0x00000000a4200000)
  object space 21504K, 74% used [0x0000000099c00000,0x000000009abae7c0,0x000000009b100000)
}
Event: 33,042 GC heap before
{Heap before GC invocations=12 (full 0):
 PSYoungGen      total 328704K, used 314880K [0x00000000e1600000, 0x0000000100000000, 0x0000000100000000)
  eden space 314880K, 100% used [0x00000000e1600000,0x00000000f4980000,0x00000000f4980000)
  from space 13824K, 0% used [0x00000000f4980000,0x00000000f4980000,0x00000000f5700000)
  to   space 13824K, 0% used [0x00000000ff280000,0x00000000ff280000,0x0000000100000000)
 ParOldGen       total 62464K, used 25262K [0x00000000a4200000, 0x00000000a7f00000, 0x00000000e1600000)
  object space 62464K, 40% used [0x00000000a4200000,0x00000000a5aaba90,0x00000000a7f00000)
 PSPermGen       total 21504K, used 16057K [0x0000000099c00000, 0x000000009b100000, 0x00000000a4200000)
  object space 21504K, 74% used [0x0000000099c00000,0x000000009abae7c0,0x000000009b100000)
Event: 33,043 GC heap after
Heap after GC invocations=12 (full 0):
 PSYoungGen      total 486912K, used 0K [0x00000000e1600000, 0x00000000fff00000, 0x0000000100000000)
  eden space 474112K, 0% used [0x00000000e1600000,0x00000000e1600000,0x00000000fe500000)
  from space 12800K, 0% used [0x00000000ff280000,0x00000000ff280000,0x00000000fff00000)
  to   space 13312K, 0% used [0x00000000fe500000,0x00000000fe500000,0x00000000ff200000)
 ParOldGen       total 62464K, used 25262K [0x00000000a4200000, 0x00000000a7f00000, 0x00000000e1600000)
  object space 62464K, 40% used [0x00000000a4200000,0x00000000a5aaba90,0x00000000a7f00000)
 PSPermGen       total 21504K, used 16057K [0x0000000099c00000, 0x000000009b100000, 0x00000000a4200000)
  object space 21504K, 74% used [0x0000000099c00000,0x000000009abae7c0,0x000000009b100000)
}

